<?xml version="1.0" encoding="UTF-8"?>
<testsuite xmlns:xsi="http://www.w3.org/2001/XMLSchema-instance" xsi:noNamespaceSchemaLocation="https://maven.apache.org/surefire/maven-surefire-plugin/xsd/surefire-test-report.xsd" name="tn.esprit.spring.service.DepartementServiceImplTest" time="8.033" tests="5" errors="2" skipped="0" failures="1">
  <properties>
    <property name="sun.desktop" value="windows"/>
    <property name="awt.toolkit" value="sun.awt.windows.WToolkit"/>
    <property name="file.encoding.pkg" value="sun.io"/>
    <property name="java.specification.version" value="1.8"/>
    <property name="sun.cpu.isalist" value="amd64"/>
    <property name="sun.jnu.encoding" value="Cp1252"/>
    <property name="java.class.path" value="C:\Workspace\timesheet-ci\target\test-classes;C:\Workspace\timesheet-ci\target\classes;C:\Users\RAMZIMIZOURI\.m2\repository\org\springframework\boot\spring-boot-devtools\2.2.1.RELEASE\spring-boot-devtools-2.2.1.RELEASE.jar;C:\Users\RAMZIMIZOURI\.m2\repository\org\springframework\boot\spring-boot\2.2.1.RELEASE\spring-boot-2.2.1.RELEASE.jar;C:\Users\RAMZIMIZOURI\.m2\repository\org\springframework\spring-context\5.2.1.RELEASE\spring-context-5.2.1.RELEASE.jar;C:\Users\RAMZIMIZOURI\.m2\repository\org\springframework\boot\spring-boot-autoconfigure\2.2.1.RELEASE\spring-boot-autoconfigure-2.2.1.RELEASE.jar;C:\Users\RAMZIMIZOURI\.m2\repository\org\springframework\boot\spring-boot-starter-data-jpa\2.2.1.RELEASE\spring-boot-starter-data-jpa-2.2.1.RELEASE.jar;C:\Users\RAMZIMIZOURI\.m2\repository\org\springframework\boot\spring-boot-starter-aop\2.2.1.RELEASE\spring-boot-starter-aop-2.2.1.RELEASE.jar;C:\Users\RAMZIMIZOURI\.m2\repository\org\springframework\spring-aop\5.2.1.RELEASE\spring-aop-5.2.1.RELEASE.jar;C:\Users\RAMZIMIZOURI\.m2\repository\org\aspectj\aspectjweaver\1.9.4\aspectjweaver-1.9.4.jar;C:\Users\RAMZIMIZOURI\.m2\repository\org\springframework\boot\spring-boot-starter-jdbc\2.2.1.RELEASE\spring-boot-starter-jdbc-2.2.1.RELEASE.jar;C:\Users\RAMZIMIZOURI\.m2\repository\com\zaxxer\HikariCP\3.4.1\HikariCP-3.4.1.jar;C:\Users\RAMZIMIZOURI\.m2\repository\org\springframework\spring-jdbc\5.2.1.RELEASE\spring-jdbc-5.2.1.RELEASE.jar;C:\Users\RAMZIMIZOURI\.m2\repository\jakarta\activation\jakarta.activation-api\1.2.1\jakarta.activation-api-1.2.1.jar;C:\Users\RAMZIMIZOURI\.m2\repository\jakarta\persistence\jakarta.persistence-api\2.2.3\jakarta.persistence-api-2.2.3.jar;C:\Users\RAMZIMIZOURI\.m2\repository\jakarta\transaction\jakarta.transaction-api\1.3.3\jakarta.transaction-api-1.3.3.jar;C:\Users\RAMZIMIZOURI\.m2\repository\org\hibernate\hibernate-core\5.4.8.Final\hibernate-core-5.4.8.Final.jar;C:\Users\RAMZIMIZOURI\.m2\repository\org\jboss\logging\jboss-logging\3.4.1.Final\jboss-logging-3.4.1.Final.jar;C:\Users\RAMZIMIZOURI\.m2\repository\org\javassist\javassist\3.24.0-GA\javassist-3.24.0-GA.jar;C:\Users\RAMZIMIZOURI\.m2\repository\net\bytebuddy\byte-buddy\1.10.2\byte-buddy-1.10.2.jar;C:\Users\RAMZIMIZOURI\.m2\repository\antlr\antlr\2.7.7\antlr-2.7.7.jar;C:\Users\RAMZIMIZOURI\.m2\repository\org\jboss\jandex\2.0.5.Final\jandex-2.0.5.Final.jar;C:\Users\RAMZIMIZOURI\.m2\repository\com\fasterxml\classmate\1.5.1\classmate-1.5.1.jar;C:\Users\RAMZIMIZOURI\.m2\repository\org\dom4j\dom4j\2.1.1\dom4j-2.1.1.jar;C:\Users\RAMZIMIZOURI\.m2\repository\org\hibernate\common\hibernate-commons-annotations\5.1.0.Final\hibernate-commons-annotations-5.1.0.Final.jar;C:\Users\RAMZIMIZOURI\.m2\repository\org\glassfish\jaxb\jaxb-runtime\2.3.2\jaxb-runtime-2.3.2.jar;C:\Users\RAMZIMIZOURI\.m2\repository\org\glassfish\jaxb\txw2\2.3.2\txw2-2.3.2.jar;C:\Users\RAMZIMIZOURI\.m2\repository\com\sun\istack\istack-commons-runtime\3.0.8\istack-commons-runtime-3.0.8.jar;C:\Users\RAMZIMIZOURI\.m2\repository\org\jvnet\staxex\stax-ex\1.8.1\stax-ex-1.8.1.jar;C:\Users\RAMZIMIZOURI\.m2\repository\com\sun\xml\fastinfoset\FastInfoset\1.2.16\FastInfoset-1.2.16.jar;C:\Users\RAMZIMIZOURI\.m2\repository\org\springframework\data\spring-data-jpa\2.2.1.RELEASE\spring-data-jpa-2.2.1.RELEASE.jar;C:\Users\RAMZIMIZOURI\.m2\repository\org\springframework\data\spring-data-commons\2.2.1.RELEASE\spring-data-commons-2.2.1.RELEASE.jar;C:\Users\RAMZIMIZOURI\.m2\repository\org\springframework\spring-orm\5.2.1.RELEASE\spring-orm-5.2.1.RELEASE.jar;C:\Users\RAMZIMIZOURI\.m2\repository\org\springframework\spring-tx\5.2.1.RELEASE\spring-tx-5.2.1.RELEASE.jar;C:\Users\RAMZIMIZOURI\.m2\repository\org\springframework\spring-beans\5.2.1.RELEASE\spring-beans-5.2.1.RELEASE.jar;C:\Users\RAMZIMIZOURI\.m2\repository\org\slf4j\slf4j-api\1.7.29\slf4j-api-1.7.29.jar;C:\Users\RAMZIMIZOURI\.m2\repository\org\springframework\spring-aspects\5.2.1.RELEASE\spring-aspects-5.2.1.RELEASE.jar;C:\Users\RAMZIMIZOURI\.m2\repository\org\springframework\boot\spring-boot-starter-web\2.2.1.RELEASE\spring-boot-starter-web-2.2.1.RELEASE.jar;C:\Users\RAMZIMIZOURI\.m2\repository\org\springframework\boot\spring-boot-starter\2.2.1.RELEASE\spring-boot-starter-2.2.1.RELEASE.jar;C:\Users\RAMZIMIZOURI\.m2\repository\org\springframework\boot\spring-boot-starter-logging\2.2.1.RELEASE\spring-boot-starter-logging-2.2.1.RELEASE.jar;C:\Users\RAMZIMIZOURI\.m2\repository\ch\qos\logback\logback-classic\1.2.3\logback-classic-1.2.3.jar;C:\Users\RAMZIMIZOURI\.m2\repository\ch\qos\logback\logback-core\1.2.3\logback-core-1.2.3.jar;C:\Users\RAMZIMIZOURI\.m2\repository\org\apache\logging\log4j\log4j-to-slf4j\2.12.1\log4j-to-slf4j-2.12.1.jar;C:\Users\RAMZIMIZOURI\.m2\repository\org\apache\logging\log4j\log4j-api\2.12.1\log4j-api-2.12.1.jar;C:\Users\RAMZIMIZOURI\.m2\repository\org\slf4j\jul-to-slf4j\1.7.29\jul-to-slf4j-1.7.29.jar;C:\Users\RAMZIMIZOURI\.m2\repository\jakarta\annotation\jakarta.annotation-api\1.3.5\jakarta.annotation-api-1.3.5.jar;C:\Users\RAMZIMIZOURI\.m2\repository\org\yaml\snakeyaml\1.25\snakeyaml-1.25.jar;C:\Users\RAMZIMIZOURI\.m2\repository\org\springframework\boot\spring-boot-starter-json\2.2.1.RELEASE\spring-boot-starter-json-2.2.1.RELEASE.jar;C:\Users\RAMZIMIZOURI\.m2\repository\com\fasterxml\jackson\core\jackson-databind\2.10.0\jackson-databind-2.10.0.jar;C:\Users\RAMZIMIZOURI\.m2\repository\com\fasterxml\jackson\core\jackson-annotations\2.10.0\jackson-annotations-2.10.0.jar;C:\Users\RAMZIMIZOURI\.m2\repository\com\fasterxml\jackson\core\jackson-core\2.10.0\jackson-core-2.10.0.jar;C:\Users\RAMZIMIZOURI\.m2\repository\com\fasterxml\jackson\datatype\jackson-datatype-jdk8\2.10.0\jackson-datatype-jdk8-2.10.0.jar;C:\Users\RAMZIMIZOURI\.m2\repository\com\fasterxml\jackson\datatype\jackson-datatype-jsr310\2.10.0\jackson-datatype-jsr310-2.10.0.jar;C:\Users\RAMZIMIZOURI\.m2\repository\com\fasterxml\jackson\module\jackson-module-parameter-names\2.10.0\jackson-module-parameter-names-2.10.0.jar;C:\Users\RAMZIMIZOURI\.m2\repository\org\springframework\boot\spring-boot-starter-tomcat\2.2.1.RELEASE\spring-boot-starter-tomcat-2.2.1.RELEASE.jar;C:\Users\RAMZIMIZOURI\.m2\repository\org\apache\tomcat\embed\tomcat-embed-core\9.0.27\tomcat-embed-core-9.0.27.jar;C:\Users\RAMZIMIZOURI\.m2\repository\org\apache\tomcat\embed\tomcat-embed-websocket\9.0.27\tomcat-embed-websocket-9.0.27.jar;C:\Users\RAMZIMIZOURI\.m2\repository\org\springframework\spring-web\5.2.1.RELEASE\spring-web-5.2.1.RELEASE.jar;C:\Users\RAMZIMIZOURI\.m2\repository\org\springframework\spring-webmvc\5.2.1.RELEASE\spring-webmvc-5.2.1.RELEASE.jar;C:\Users\RAMZIMIZOURI\.m2\repository\org\springframework\spring-expression\5.2.1.RELEASE\spring-expression-5.2.1.RELEASE.jar;C:\Users\RAMZIMIZOURI\.m2\repository\org\springframework\boot\spring-boot-starter-validation\2.2.1.RELEASE\spring-boot-starter-validation-2.2.1.RELEASE.jar;C:\Users\RAMZIMIZOURI\.m2\repository\jakarta\validation\jakarta.validation-api\2.0.1\jakarta.validation-api-2.0.1.jar;C:\Users\RAMZIMIZOURI\.m2\repository\org\apache\tomcat\embed\tomcat-embed-el\9.0.27\tomcat-embed-el-9.0.27.jar;C:\Users\RAMZIMIZOURI\.m2\repository\org\hibernate\validator\hibernate-validator\6.0.18.Final\hibernate-validator-6.0.18.Final.jar;C:\Users\RAMZIMIZOURI\.m2\repository\mysql\mysql-connector-java\8.0.18\mysql-connector-java-8.0.18.jar;C:\Users\RAMZIMIZOURI\.m2\repository\org\springframework\boot\spring-boot-starter-test\2.2.1.RELEASE\spring-boot-starter-test-2.2.1.RELEASE.jar;C:\Users\RAMZIMIZOURI\.m2\repository\org\springframework\boot\spring-boot-test\2.2.1.RELEASE\spring-boot-test-2.2.1.RELEASE.jar;C:\Users\RAMZIMIZOURI\.m2\repository\org\springframework\boot\spring-boot-test-autoconfigure\2.2.1.RELEASE\spring-boot-test-autoconfigure-2.2.1.RELEASE.jar;C:\Users\RAMZIMIZOURI\.m2\repository\com\jayway\jsonpath\json-path\2.4.0\json-path-2.4.0.jar;C:\Users\RAMZIMIZOURI\.m2\repository\net\minidev\json-smart\2.3\json-smart-2.3.jar;C:\Users\RAMZIMIZOURI\.m2\repository\net\minidev\accessors-smart\1.2\accessors-smart-1.2.jar;C:\Users\RAMZIMIZOURI\.m2\repository\org\ow2\asm\asm\5.0.4\asm-5.0.4.jar;C:\Users\RAMZIMIZOURI\.m2\repository\jakarta\xml\bind\jakarta.xml.bind-api\2.3.2\jakarta.xml.bind-api-2.3.2.jar;C:\Users\RAMZIMIZOURI\.m2\repository\org\junit\jupiter\junit-jupiter\5.5.2\junit-jupiter-5.5.2.jar;C:\Users\RAMZIMIZOURI\.m2\repository\org\junit\jupiter\junit-jupiter-api\5.5.2\junit-jupiter-api-5.5.2.jar;C:\Users\RAMZIMIZOURI\.m2\repository\org\opentest4j\opentest4j\1.2.0\opentest4j-1.2.0.jar;C:\Users\RAMZIMIZOURI\.m2\repository\org\junit\platform\junit-platform-commons\1.5.2\junit-platform-commons-1.5.2.jar;C:\Users\RAMZIMIZOURI\.m2\repository\org\junit\jupiter\junit-jupiter-params\5.5.2\junit-jupiter-params-5.5.2.jar;C:\Users\RAMZIMIZOURI\.m2\repository\org\junit\jupiter\junit-jupiter-engine\5.5.2\junit-jupiter-engine-5.5.2.jar;C:\Users\RAMZIMIZOURI\.m2\repository\org\junit\vintage\junit-vintage-engine\5.5.2\junit-vintage-engine-5.5.2.jar;C:\Users\RAMZIMIZOURI\.m2\repository\org\apiguardian\apiguardian-api\1.1.0\apiguardian-api-1.1.0.jar;C:\Users\RAMZIMIZOURI\.m2\repository\org\junit\platform\junit-platform-engine\1.5.2\junit-platform-engine-1.5.2.jar;C:\Users\RAMZIMIZOURI\.m2\repository\junit\junit\4.12\junit-4.12.jar;C:\Users\RAMZIMIZOURI\.m2\repository\org\mockito\mockito-junit-jupiter\3.1.0\mockito-junit-jupiter-3.1.0.jar;C:\Users\RAMZIMIZOURI\.m2\repository\org\assertj\assertj-core\3.13.2\assertj-core-3.13.2.jar;C:\Users\RAMZIMIZOURI\.m2\repository\org\hamcrest\hamcrest\2.1\hamcrest-2.1.jar;C:\Users\RAMZIMIZOURI\.m2\repository\org\mockito\mockito-core\3.1.0\mockito-core-3.1.0.jar;C:\Users\RAMZIMIZOURI\.m2\repository\net\bytebuddy\byte-buddy-agent\1.10.2\byte-buddy-agent-1.10.2.jar;C:\Users\RAMZIMIZOURI\.m2\repository\org\objenesis\objenesis\2.6\objenesis-2.6.jar;C:\Users\RAMZIMIZOURI\.m2\repository\org\skyscreamer\jsonassert\1.5.0\jsonassert-1.5.0.jar;C:\Users\RAMZIMIZOURI\.m2\repository\com\vaadin\external\google\android-json\0.0.20131108.vaadin1\android-json-0.0.20131108.vaadin1.jar;C:\Users\RAMZIMIZOURI\.m2\repository\org\springframework\spring-core\5.2.1.RELEASE\spring-core-5.2.1.RELEASE.jar;C:\Users\RAMZIMIZOURI\.m2\repository\org\springframework\spring-jcl\5.2.1.RELEASE\spring-jcl-5.2.1.RELEASE.jar;C:\Users\RAMZIMIZOURI\.m2\repository\org\springframework\spring-test\5.2.1.RELEASE\spring-test-5.2.1.RELEASE.jar;C:\Users\RAMZIMIZOURI\.m2\repository\org\xmlunit\xmlunit-core\2.6.3\xmlunit-core-2.6.3.jar;"/>
    <property name="java.vm.vendor" value="Oracle Corporation"/>
    <property name="sun.arch.data.model" value="64"/>
    <property name="user.variant" value=""/>
    <property name="java.vendor.url" value="http://java.oracle.com/"/>
    <property name="user.timezone" value="Africa/Luanda"/>
    <property name="java.vm.specification.version" value="1.8"/>
    <property name="os.name" value="Windows 10"/>
    <property name="user.country" value="FR"/>
    <property name="sun.java.launcher" value="SUN_STANDARD"/>
    <property name="sun.boot.library.path" value="C:\Program Files\Java\jdk1.8.0_60\jre\bin"/>
    <property name="sun.java.command" value="C:\Users\RAMZIM~1\AppData\Local\Temp\surefire6489635640977434554\surefirebooter9169377246694270419.jar C:\Users\RAMZIMIZOURI\AppData\Local\Temp\surefire6489635640977434554 2021-08-01T03-19-25_068-jvmRun1 surefire748744155575707965tmp surefire_02345867567278201873tmp"/>
    <property name="surefire.test.class.path" value="C:\Workspace\timesheet-ci\target\test-classes;C:\Workspace\timesheet-ci\target\classes;C:\Users\RAMZIMIZOURI\.m2\repository\org\springframework\boot\spring-boot-devtools\2.2.1.RELEASE\spring-boot-devtools-2.2.1.RELEASE.jar;C:\Users\RAMZIMIZOURI\.m2\repository\org\springframework\boot\spring-boot\2.2.1.RELEASE\spring-boot-2.2.1.RELEASE.jar;C:\Users\RAMZIMIZOURI\.m2\repository\org\springframework\spring-context\5.2.1.RELEASE\spring-context-5.2.1.RELEASE.jar;C:\Users\RAMZIMIZOURI\.m2\repository\org\springframework\boot\spring-boot-autoconfigure\2.2.1.RELEASE\spring-boot-autoconfigure-2.2.1.RELEASE.jar;C:\Users\RAMZIMIZOURI\.m2\repository\org\springframework\boot\spring-boot-starter-data-jpa\2.2.1.RELEASE\spring-boot-starter-data-jpa-2.2.1.RELEASE.jar;C:\Users\RAMZIMIZOURI\.m2\repository\org\springframework\boot\spring-boot-starter-aop\2.2.1.RELEASE\spring-boot-starter-aop-2.2.1.RELEASE.jar;C:\Users\RAMZIMIZOURI\.m2\repository\org\springframework\spring-aop\5.2.1.RELEASE\spring-aop-5.2.1.RELEASE.jar;C:\Users\RAMZIMIZOURI\.m2\repository\org\aspectj\aspectjweaver\1.9.4\aspectjweaver-1.9.4.jar;C:\Users\RAMZIMIZOURI\.m2\repository\org\springframework\boot\spring-boot-starter-jdbc\2.2.1.RELEASE\spring-boot-starter-jdbc-2.2.1.RELEASE.jar;C:\Users\RAMZIMIZOURI\.m2\repository\com\zaxxer\HikariCP\3.4.1\HikariCP-3.4.1.jar;C:\Users\RAMZIMIZOURI\.m2\repository\org\springframework\spring-jdbc\5.2.1.RELEASE\spring-jdbc-5.2.1.RELEASE.jar;C:\Users\RAMZIMIZOURI\.m2\repository\jakarta\activation\jakarta.activation-api\1.2.1\jakarta.activation-api-1.2.1.jar;C:\Users\RAMZIMIZOURI\.m2\repository\jakarta\persistence\jakarta.persistence-api\2.2.3\jakarta.persistence-api-2.2.3.jar;C:\Users\RAMZIMIZOURI\.m2\repository\jakarta\transaction\jakarta.transaction-api\1.3.3\jakarta.transaction-api-1.3.3.jar;C:\Users\RAMZIMIZOURI\.m2\repository\org\hibernate\hibernate-core\5.4.8.Final\hibernate-core-5.4.8.Final.jar;C:\Users\RAMZIMIZOURI\.m2\repository\org\jboss\logging\jboss-logging\3.4.1.Final\jboss-logging-3.4.1.Final.jar;C:\Users\RAMZIMIZOURI\.m2\repository\org\javassist\javassist\3.24.0-GA\javassist-3.24.0-GA.jar;C:\Users\RAMZIMIZOURI\.m2\repository\net\bytebuddy\byte-buddy\1.10.2\byte-buddy-1.10.2.jar;C:\Users\RAMZIMIZOURI\.m2\repository\antlr\antlr\2.7.7\antlr-2.7.7.jar;C:\Users\RAMZIMIZOURI\.m2\repository\org\jboss\jandex\2.0.5.Final\jandex-2.0.5.Final.jar;C:\Users\RAMZIMIZOURI\.m2\repository\com\fasterxml\classmate\1.5.1\classmate-1.5.1.jar;C:\Users\RAMZIMIZOURI\.m2\repository\org\dom4j\dom4j\2.1.1\dom4j-2.1.1.jar;C:\Users\RAMZIMIZOURI\.m2\repository\org\hibernate\common\hibernate-commons-annotations\5.1.0.Final\hibernate-commons-annotations-5.1.0.Final.jar;C:\Users\RAMZIMIZOURI\.m2\repository\org\glassfish\jaxb\jaxb-runtime\2.3.2\jaxb-runtime-2.3.2.jar;C:\Users\RAMZIMIZOURI\.m2\repository\org\glassfish\jaxb\txw2\2.3.2\txw2-2.3.2.jar;C:\Users\RAMZIMIZOURI\.m2\repository\com\sun\istack\istack-commons-runtime\3.0.8\istack-commons-runtime-3.0.8.jar;C:\Users\RAMZIMIZOURI\.m2\repository\org\jvnet\staxex\stax-ex\1.8.1\stax-ex-1.8.1.jar;C:\Users\RAMZIMIZOURI\.m2\repository\com\sun\xml\fastinfoset\FastInfoset\1.2.16\FastInfoset-1.2.16.jar;C:\Users\RAMZIMIZOURI\.m2\repository\org\springframework\data\spring-data-jpa\2.2.1.RELEASE\spring-data-jpa-2.2.1.RELEASE.jar;C:\Users\RAMZIMIZOURI\.m2\repository\org\springframework\data\spring-data-commons\2.2.1.RELEASE\spring-data-commons-2.2.1.RELEASE.jar;C:\Users\RAMZIMIZOURI\.m2\repository\org\springframework\spring-orm\5.2.1.RELEASE\spring-orm-5.2.1.RELEASE.jar;C:\Users\RAMZIMIZOURI\.m2\repository\org\springframework\spring-tx\5.2.1.RELEASE\spring-tx-5.2.1.RELEASE.jar;C:\Users\RAMZIMIZOURI\.m2\repository\org\springframework\spring-beans\5.2.1.RELEASE\spring-beans-5.2.1.RELEASE.jar;C:\Users\RAMZIMIZOURI\.m2\repository\org\slf4j\slf4j-api\1.7.29\slf4j-api-1.7.29.jar;C:\Users\RAMZIMIZOURI\.m2\repository\org\springframework\spring-aspects\5.2.1.RELEASE\spring-aspects-5.2.1.RELEASE.jar;C:\Users\RAMZIMIZOURI\.m2\repository\org\springframework\boot\spring-boot-starter-web\2.2.1.RELEASE\spring-boot-starter-web-2.2.1.RELEASE.jar;C:\Users\RAMZIMIZOURI\.m2\repository\org\springframework\boot\spring-boot-starter\2.2.1.RELEASE\spring-boot-starter-2.2.1.RELEASE.jar;C:\Users\RAMZIMIZOURI\.m2\repository\org\springframework\boot\spring-boot-starter-logging\2.2.1.RELEASE\spring-boot-starter-logging-2.2.1.RELEASE.jar;C:\Users\RAMZIMIZOURI\.m2\repository\ch\qos\logback\logback-classic\1.2.3\logback-classic-1.2.3.jar;C:\Users\RAMZIMIZOURI\.m2\repository\ch\qos\logback\logback-core\1.2.3\logback-core-1.2.3.jar;C:\Users\RAMZIMIZOURI\.m2\repository\org\apache\logging\log4j\log4j-to-slf4j\2.12.1\log4j-to-slf4j-2.12.1.jar;C:\Users\RAMZIMIZOURI\.m2\repository\org\apache\logging\log4j\log4j-api\2.12.1\log4j-api-2.12.1.jar;C:\Users\RAMZIMIZOURI\.m2\repository\org\slf4j\jul-to-slf4j\1.7.29\jul-to-slf4j-1.7.29.jar;C:\Users\RAMZIMIZOURI\.m2\repository\jakarta\annotation\jakarta.annotation-api\1.3.5\jakarta.annotation-api-1.3.5.jar;C:\Users\RAMZIMIZOURI\.m2\repository\org\yaml\snakeyaml\1.25\snakeyaml-1.25.jar;C:\Users\RAMZIMIZOURI\.m2\repository\org\springframework\boot\spring-boot-starter-json\2.2.1.RELEASE\spring-boot-starter-json-2.2.1.RELEASE.jar;C:\Users\RAMZIMIZOURI\.m2\repository\com\fasterxml\jackson\core\jackson-databind\2.10.0\jackson-databind-2.10.0.jar;C:\Users\RAMZIMIZOURI\.m2\repository\com\fasterxml\jackson\core\jackson-annotations\2.10.0\jackson-annotations-2.10.0.jar;C:\Users\RAMZIMIZOURI\.m2\repository\com\fasterxml\jackson\core\jackson-core\2.10.0\jackson-core-2.10.0.jar;C:\Users\RAMZIMIZOURI\.m2\repository\com\fasterxml\jackson\datatype\jackson-datatype-jdk8\2.10.0\jackson-datatype-jdk8-2.10.0.jar;C:\Users\RAMZIMIZOURI\.m2\repository\com\fasterxml\jackson\datatype\jackson-datatype-jsr310\2.10.0\jackson-datatype-jsr310-2.10.0.jar;C:\Users\RAMZIMIZOURI\.m2\repository\com\fasterxml\jackson\module\jackson-module-parameter-names\2.10.0\jackson-module-parameter-names-2.10.0.jar;C:\Users\RAMZIMIZOURI\.m2\repository\org\springframework\boot\spring-boot-starter-tomcat\2.2.1.RELEASE\spring-boot-starter-tomcat-2.2.1.RELEASE.jar;C:\Users\RAMZIMIZOURI\.m2\repository\org\apache\tomcat\embed\tomcat-embed-core\9.0.27\tomcat-embed-core-9.0.27.jar;C:\Users\RAMZIMIZOURI\.m2\repository\org\apache\tomcat\embed\tomcat-embed-websocket\9.0.27\tomcat-embed-websocket-9.0.27.jar;C:\Users\RAMZIMIZOURI\.m2\repository\org\springframework\spring-web\5.2.1.RELEASE\spring-web-5.2.1.RELEASE.jar;C:\Users\RAMZIMIZOURI\.m2\repository\org\springframework\spring-webmvc\5.2.1.RELEASE\spring-webmvc-5.2.1.RELEASE.jar;C:\Users\RAMZIMIZOURI\.m2\repository\org\springframework\spring-expression\5.2.1.RELEASE\spring-expression-5.2.1.RELEASE.jar;C:\Users\RAMZIMIZOURI\.m2\repository\org\springframework\boot\spring-boot-starter-validation\2.2.1.RELEASE\spring-boot-starter-validation-2.2.1.RELEASE.jar;C:\Users\RAMZIMIZOURI\.m2\repository\jakarta\validation\jakarta.validation-api\2.0.1\jakarta.validation-api-2.0.1.jar;C:\Users\RAMZIMIZOURI\.m2\repository\org\apache\tomcat\embed\tomcat-embed-el\9.0.27\tomcat-embed-el-9.0.27.jar;C:\Users\RAMZIMIZOURI\.m2\repository\org\hibernate\validator\hibernate-validator\6.0.18.Final\hibernate-validator-6.0.18.Final.jar;C:\Users\RAMZIMIZOURI\.m2\repository\mysql\mysql-connector-java\8.0.18\mysql-connector-java-8.0.18.jar;C:\Users\RAMZIMIZOURI\.m2\repository\org\springframework\boot\spring-boot-starter-test\2.2.1.RELEASE\spring-boot-starter-test-2.2.1.RELEASE.jar;C:\Users\RAMZIMIZOURI\.m2\repository\org\springframework\boot\spring-boot-test\2.2.1.RELEASE\spring-boot-test-2.2.1.RELEASE.jar;C:\Users\RAMZIMIZOURI\.m2\repository\org\springframework\boot\spring-boot-test-autoconfigure\2.2.1.RELEASE\spring-boot-test-autoconfigure-2.2.1.RELEASE.jar;C:\Users\RAMZIMIZOURI\.m2\repository\com\jayway\jsonpath\json-path\2.4.0\json-path-2.4.0.jar;C:\Users\RAMZIMIZOURI\.m2\repository\net\minidev\json-smart\2.3\json-smart-2.3.jar;C:\Users\RAMZIMIZOURI\.m2\repository\net\minidev\accessors-smart\1.2\accessors-smart-1.2.jar;C:\Users\RAMZIMIZOURI\.m2\repository\org\ow2\asm\asm\5.0.4\asm-5.0.4.jar;C:\Users\RAMZIMIZOURI\.m2\repository\jakarta\xml\bind\jakarta.xml.bind-api\2.3.2\jakarta.xml.bind-api-2.3.2.jar;C:\Users\RAMZIMIZOURI\.m2\repository\org\junit\jupiter\junit-jupiter\5.5.2\junit-jupiter-5.5.2.jar;C:\Users\RAMZIMIZOURI\.m2\repository\org\junit\jupiter\junit-jupiter-api\5.5.2\junit-jupiter-api-5.5.2.jar;C:\Users\RAMZIMIZOURI\.m2\repository\org\opentest4j\opentest4j\1.2.0\opentest4j-1.2.0.jar;C:\Users\RAMZIMIZOURI\.m2\repository\org\junit\platform\junit-platform-commons\1.5.2\junit-platform-commons-1.5.2.jar;C:\Users\RAMZIMIZOURI\.m2\repository\org\junit\jupiter\junit-jupiter-params\5.5.2\junit-jupiter-params-5.5.2.jar;C:\Users\RAMZIMIZOURI\.m2\repository\org\junit\jupiter\junit-jupiter-engine\5.5.2\junit-jupiter-engine-5.5.2.jar;C:\Users\RAMZIMIZOURI\.m2\repository\org\junit\vintage\junit-vintage-engine\5.5.2\junit-vintage-engine-5.5.2.jar;C:\Users\RAMZIMIZOURI\.m2\repository\org\apiguardian\apiguardian-api\1.1.0\apiguardian-api-1.1.0.jar;C:\Users\RAMZIMIZOURI\.m2\repository\org\junit\platform\junit-platform-engine\1.5.2\junit-platform-engine-1.5.2.jar;C:\Users\RAMZIMIZOURI\.m2\repository\junit\junit\4.12\junit-4.12.jar;C:\Users\RAMZIMIZOURI\.m2\repository\org\mockito\mockito-junit-jupiter\3.1.0\mockito-junit-jupiter-3.1.0.jar;C:\Users\RAMZIMIZOURI\.m2\repository\org\assertj\assertj-core\3.13.2\assertj-core-3.13.2.jar;C:\Users\RAMZIMIZOURI\.m2\repository\org\hamcrest\hamcrest\2.1\hamcrest-2.1.jar;C:\Users\RAMZIMIZOURI\.m2\repository\org\mockito\mockito-core\3.1.0\mockito-core-3.1.0.jar;C:\Users\RAMZIMIZOURI\.m2\repository\net\bytebuddy\byte-buddy-agent\1.10.2\byte-buddy-agent-1.10.2.jar;C:\Users\RAMZIMIZOURI\.m2\repository\org\objenesis\objenesis\2.6\objenesis-2.6.jar;C:\Users\RAMZIMIZOURI\.m2\repository\org\skyscreamer\jsonassert\1.5.0\jsonassert-1.5.0.jar;C:\Users\RAMZIMIZOURI\.m2\repository\com\vaadin\external\google\android-json\0.0.20131108.vaadin1\android-json-0.0.20131108.vaadin1.jar;C:\Users\RAMZIMIZOURI\.m2\repository\org\springframework\spring-core\5.2.1.RELEASE\spring-core-5.2.1.RELEASE.jar;C:\Users\RAMZIMIZOURI\.m2\repository\org\springframework\spring-jcl\5.2.1.RELEASE\spring-jcl-5.2.1.RELEASE.jar;C:\Users\RAMZIMIZOURI\.m2\repository\org\springframework\spring-test\5.2.1.RELEASE\spring-test-5.2.1.RELEASE.jar;C:\Users\RAMZIMIZOURI\.m2\repository\org\xmlunit\xmlunit-core\2.6.3\xmlunit-core-2.6.3.jar;"/>
    <property name="sun.cpu.endian" value="little"/>
    <property name="user.home" value="C:\Users\RAMZIMIZOURI"/>
    <property name="user.language" value="fr"/>
    <property name="java.specification.vendor" value="Oracle Corporation"/>
    <property name="java.home" value="C:\Program Files\Java\jdk1.8.0_60\jre"/>
    <property name="basedir" value="C:\Workspace\timesheet-ci"/>
    <property name="file.separator" value="\"/>
    <property name="line.separator" value="&#10;"/>
    <property name="java.vm.specification.vendor" value="Oracle Corporation"/>
    <property name="java.specification.name" value="Java Platform API Specification"/>
    <property name="java.awt.graphicsenv" value="sun.awt.Win32GraphicsEnvironment"/>
    <property name="surefire.real.class.path" value="C:\Users\RAMZIM~1\AppData\Local\Temp\surefire6489635640977434554\surefirebooter9169377246694270419.jar"/>
    <property name="sun.boot.class.path" value="C:\Program Files\Java\jdk1.8.0_60\jre\lib\resources.jar;C:\Program Files\Java\jdk1.8.0_60\jre\lib\rt.jar;C:\Program Files\Java\jdk1.8.0_60\jre\lib\sunrsasign.jar;C:\Program Files\Java\jdk1.8.0_60\jre\lib\jsse.jar;C:\Program Files\Java\jdk1.8.0_60\jre\lib\jce.jar;C:\Program Files\Java\jdk1.8.0_60\jre\lib\charsets.jar;C:\Program Files\Java\jdk1.8.0_60\jre\lib\jfr.jar;C:\Program Files\Java\jdk1.8.0_60\jre\classes"/>
    <property name="user.script" value=""/>
    <property name="sun.management.compiler" value="HotSpot 64-Bit Tiered Compilers"/>
    <property name="java.runtime.version" value="1.8.0_60-b27"/>
    <property name="user.name" value="RAMZIMIZOURI"/>
    <property name="path.separator" value=";"/>
    <property name="os.version" value="10.0"/>
    <property name="java.endorsed.dirs" value="C:\Program Files\Java\jdk1.8.0_60\jre\lib\endorsed"/>
    <property name="java.runtime.name" value="Java(TM) SE Runtime Environment"/>
    <property name="file.encoding" value="Cp1252"/>
    <property name="java.vm.name" value="Java HotSpot(TM) 64-Bit Server VM"/>
    <property name="localRepository" value="C:\Users\RAMZIMIZOURI\.m2\repository"/>
    <property name="java.vendor.url.bug" value="http://bugreport.sun.com/bugreport/"/>
    <property name="java.io.tmpdir" value="C:\Users\RAMZIM~1\AppData\Local\Temp\"/>
    <property name="java.version" value="1.8.0_60"/>
    <property name="user.dir" value="C:\Workspace\timesheet-ci"/>
    <property name="os.arch" value="amd64"/>
    <property name="java.vm.specification.name" value="Java Virtual Machine Specification"/>
    <property name="java.awt.printerjob" value="sun.awt.windows.WPrinterJob"/>
    <property name="sun.os.patch.level" value=""/>
    <property name="java.library.path" value="C:\Program Files\Java\jdk1.8.0_60\jre\bin;C:\WINDOWS\Sun\Java\bin;C:\WINDOWS\system32;C:\WINDOWS;C:/Program Files/Java/jre1.8.0_60/bin/server;C:/Program Files/Java/jre1.8.0_60/bin;C:/Program Files/Java/jre1.8.0_60/lib/amd64;C:\ProgramData\Oracle\Java\javapath;C:\WINDOWS\system32;C:\WINDOWS;C:\WINDOWS\System32\Wbem;C:\WINDOWS\System32\WindowsPowerShell\v1.0\;C:\WINDOWS\System32\OpenSSH\;C:\Program Files\Java\jdk1.8.0_60\bin;C:\Users\RAMZIMIZOURI\Downloads\maven\apache-maven-3.6.3\bin;C:\Program Files\Git\cmd;C:\Program Files\dotnet\;C:\Program Files\Microsoft SQL Server\130\Tools\Binn\;C:\Program Files\Microsoft SQL Server\Client SDK\ODBC\170\Tools\Binn\;C:\Users\RAMZIMIZOURI\AppData\Local\Microsoft\WindowsApps;C:\Users\RAMZIMIZOURI\AppData\Local\GitHubDesktop\bin;C:\Users\RAMZIMIZOURI\.dotnet\tools;C:\Users\RAMZIMIZOURI\Downloads\STS\sts-bundle\sts-3.8.4.RELEASE;;."/>
    <property name="java.vm.info" value="mixed mode"/>
    <property name="java.vendor" value="Oracle Corporation"/>
    <property name="java.vm.version" value="25.60-b23"/>
    <property name="java.ext.dirs" value="C:\Program Files\Java\jdk1.8.0_60\jre\lib\ext;C:\WINDOWS\Sun\Java\lib\ext"/>
    <property name="sun.io.unicode.encoding" value="UnicodeLittle"/>
    <property name="java.class.version" value="52.0"/>
  </properties>
  <testcase name="testgetdepartement" classname="tn.esprit.spring.service.DepartementServiceImplTest" time="0.27">
    <error message="No value present" type="java.util.NoSuchElementException">java.util.NoSuchElementException: No value present
	at tn.esprit.spring.service.DepartementServiceImplTest.testgetdepartement(DepartementServiceImplTest.java:54)
</error>
    <system-out><![CDATA[03:19:26.560 [main] DEBUG org.springframework.test.context.junit4.SpringJUnit4ClassRunner - SpringJUnit4ClassRunner constructor called with [class tn.esprit.spring.service.DepartementServiceImplTest]
03:19:26.560 [main] DEBUG org.springframework.test.context.BootstrapUtils - Instantiating CacheAwareContextLoaderDelegate from class [org.springframework.test.context.cache.DefaultCacheAwareContextLoaderDelegate]
03:19:26.577 [main] DEBUG org.springframework.test.context.BootstrapUtils - Instantiating BootstrapContext using constructor [public org.springframework.test.context.support.DefaultBootstrapContext(java.lang.Class,org.springframework.test.context.CacheAwareContextLoaderDelegate)]
03:19:26.617 [main] DEBUG org.springframework.test.context.BootstrapUtils - Instantiating TestContextBootstrapper for test class [tn.esprit.spring.service.DepartementServiceImplTest] from class [org.springframework.boot.test.context.SpringBootTestContextBootstrapper]
03:19:26.641 [main] INFO org.springframework.boot.test.context.SpringBootTestContextBootstrapper - Neither @ContextConfiguration nor @ContextHierarchy found for test class [tn.esprit.spring.service.DepartementServiceImplTest], using SpringBootContextLoader
03:19:26.649 [main] DEBUG org.springframework.test.context.support.AbstractContextLoader - Did not detect default resource location for test class [tn.esprit.spring.service.DepartementServiceImplTest]: class path resource [tn/esprit/spring/service/DepartementServiceImplTest-context.xml] does not exist
03:19:26.649 [main] DEBUG org.springframework.test.context.support.AbstractContextLoader - Did not detect default resource location for test class [tn.esprit.spring.service.DepartementServiceImplTest]: class path resource [tn/esprit/spring/service/DepartementServiceImplTestContext.groovy] does not exist
03:19:26.649 [main] INFO org.springframework.test.context.support.AbstractContextLoader - Could not detect default resource locations for test class [tn.esprit.spring.service.DepartementServiceImplTest]: no resource found for suffixes {-context.xml, Context.groovy}.
03:19:26.657 [main] INFO org.springframework.test.context.support.AnnotationConfigContextLoaderUtils - Could not detect default configuration classes for test class [tn.esprit.spring.service.DepartementServiceImplTest]: DepartementServiceImplTest does not declare any static, non-private, non-final, nested classes annotated with @Configuration.
03:19:26.698 [main] DEBUG org.springframework.test.context.support.ActiveProfilesUtils - Could not find an 'annotation declaring class' for annotation type [org.springframework.test.context.ActiveProfiles] and class [tn.esprit.spring.service.DepartementServiceImplTest]
03:19:26.794 [main] DEBUG org.springframework.context.annotation.ClassPathScanningCandidateComponentProvider - Identified candidate component class: file [C:\Workspace\timesheet-ci\target\classes\tn\esprit\spring\TimesheetApplication.class]
03:19:26.794 [main] INFO org.springframework.boot.test.context.SpringBootTestContextBootstrapper - Found @SpringBootConfiguration tn.esprit.spring.TimesheetApplication for test class tn.esprit.spring.service.DepartementServiceImplTest
03:19:26.924 [main] DEBUG org.springframework.boot.test.context.SpringBootTestContextBootstrapper - @TestExecutionListeners is not present for class [tn.esprit.spring.service.DepartementServiceImplTest]: using defaults.
03:19:26.924 [main] INFO org.springframework.boot.test.context.SpringBootTestContextBootstrapper - Loaded default TestExecutionListener class names from location [META-INF/spring.factories]: [org.springframework.boot.test.mock.mockito.MockitoTestExecutionListener, org.springframework.boot.test.mock.mockito.ResetMocksTestExecutionListener, org.springframework.boot.test.autoconfigure.restdocs.RestDocsTestExecutionListener, org.springframework.boot.test.autoconfigure.web.client.MockRestServiceServerResetTestExecutionListener, org.springframework.boot.test.autoconfigure.web.servlet.MockMvcPrintOnlyOnFailureTestExecutionListener, org.springframework.boot.test.autoconfigure.web.servlet.WebDriverTestExecutionListener, org.springframework.test.context.web.ServletTestExecutionListener, org.springframework.test.context.support.DirtiesContextBeforeModesTestExecutionListener, org.springframework.test.context.support.DependencyInjectionTestExecutionListener, org.springframework.test.context.support.DirtiesContextTestExecutionListener, org.springframework.test.context.transaction.TransactionalTestExecutionListener, org.springframework.test.context.jdbc.SqlScriptsTestExecutionListener, org.springframework.test.context.event.EventPublishingTestExecutionListener]
03:19:26.958 [main] INFO org.springframework.boot.test.context.SpringBootTestContextBootstrapper - Using TestExecutionListeners: [org.springframework.test.context.web.ServletTestExecutionListener@6babf3bf, org.springframework.test.context.support.DirtiesContextBeforeModesTestExecutionListener@3059cbc, org.springframework.boot.test.mock.mockito.MockitoTestExecutionListener@7ea9e1e2, org.springframework.boot.test.autoconfigure.SpringBootDependencyInjectionTestExecutionListener@24fcf36f, org.springframework.test.context.support.DirtiesContextTestExecutionListener@10feca44, org.springframework.test.context.transaction.TransactionalTestExecutionListener@3fb1549b, org.springframework.test.context.jdbc.SqlScriptsTestExecutionListener@ea6147e, org.springframework.test.context.event.EventPublishingTestExecutionListener@4d02f94e, org.springframework.boot.test.mock.mockito.ResetMocksTestExecutionListener@2b48a640, org.springframework.boot.test.autoconfigure.restdocs.RestDocsTestExecutionListener@1e683a3e, org.springframework.boot.test.autoconfigure.web.client.MockRestServiceServerResetTestExecutionListener@2053d869, org.springframework.boot.test.autoconfigure.web.servlet.MockMvcPrintOnlyOnFailureTestExecutionListener@7a419da4, org.springframework.boot.test.autoconfigure.web.servlet.WebDriverTestExecutionListener@14555e0a]
03:19:26.967 [main] DEBUG org.springframework.test.annotation.ProfileValueUtils - Retrieved @ProfileValueSourceConfiguration [null] for test class [tn.esprit.spring.service.DepartementServiceImplTest]
03:19:26.967 [main] DEBUG org.springframework.test.annotation.ProfileValueUtils - Retrieved ProfileValueSource type [class org.springframework.test.annotation.SystemProfileValueSource] for class [tn.esprit.spring.service.DepartementServiceImplTest]
03:19:27.088 [main] DEBUG org.springframework.test.context.junit4.SpringJUnit4ClassRunner - SpringJUnit4ClassRunner constructor called with [class tn.esprit.spring.service.DepartementServiceImplTest]
03:19:27.088 [main] DEBUG org.springframework.test.context.BootstrapUtils - Instantiating CacheAwareContextLoaderDelegate from class [org.springframework.test.context.cache.DefaultCacheAwareContextLoaderDelegate]
03:19:27.088 [main] DEBUG org.springframework.test.context.BootstrapUtils - Instantiating BootstrapContext using constructor [public org.springframework.test.context.support.DefaultBootstrapContext(java.lang.Class,org.springframework.test.context.CacheAwareContextLoaderDelegate)]
03:19:27.088 [main] DEBUG org.springframework.test.context.BootstrapUtils - Instantiating TestContextBootstrapper for test class [tn.esprit.spring.service.DepartementServiceImplTest] from class [org.springframework.boot.test.context.SpringBootTestContextBootstrapper]
03:19:27.088 [main] INFO org.springframework.boot.test.context.SpringBootTestContextBootstrapper - Neither @ContextConfiguration nor @ContextHierarchy found for test class [tn.esprit.spring.service.DepartementServiceImplTest], using SpringBootContextLoader
03:19:27.096 [main] DEBUG org.springframework.test.context.support.AbstractContextLoader - Did not detect default resource location for test class [tn.esprit.spring.service.DepartementServiceImplTest]: class path resource [tn/esprit/spring/service/DepartementServiceImplTest-context.xml] does not exist
03:19:27.096 [main] DEBUG org.springframework.test.context.support.AbstractContextLoader - Did not detect default resource location for test class [tn.esprit.spring.service.DepartementServiceImplTest]: class path resource [tn/esprit/spring/service/DepartementServiceImplTestContext.groovy] does not exist
03:19:27.096 [main] INFO org.springframework.test.context.support.AbstractContextLoader - Could not detect default resource locations for test class [tn.esprit.spring.service.DepartementServiceImplTest]: no resource found for suffixes {-context.xml, Context.groovy}.
03:19:27.096 [main] INFO org.springframework.test.context.support.AnnotationConfigContextLoaderUtils - Could not detect default configuration classes for test class [tn.esprit.spring.service.DepartementServiceImplTest]: DepartementServiceImplTest does not declare any static, non-private, non-final, nested classes annotated with @Configuration.
03:19:27.096 [main] DEBUG org.springframework.test.context.support.ActiveProfilesUtils - Could not find an 'annotation declaring class' for annotation type [org.springframework.test.context.ActiveProfiles] and class [tn.esprit.spring.service.DepartementServiceImplTest]
03:19:27.096 [main] INFO org.springframework.boot.test.context.SpringBootTestContextBootstrapper - Found @SpringBootConfiguration tn.esprit.spring.TimesheetApplication for test class tn.esprit.spring.service.DepartementServiceImplTest
03:19:27.104 [main] DEBUG org.springframework.boot.test.context.SpringBootTestContextBootstrapper - @TestExecutionListeners is not present for class [tn.esprit.spring.service.DepartementServiceImplTest]: using defaults.
03:19:27.104 [main] INFO org.springframework.boot.test.context.SpringBootTestContextBootstrapper - Loaded default TestExecutionListener class names from location [META-INF/spring.factories]: [org.springframework.boot.test.mock.mockito.MockitoTestExecutionListener, org.springframework.boot.test.mock.mockito.ResetMocksTestExecutionListener, org.springframework.boot.test.autoconfigure.restdocs.RestDocsTestExecutionListener, org.springframework.boot.test.autoconfigure.web.client.MockRestServiceServerResetTestExecutionListener, org.springframework.boot.test.autoconfigure.web.servlet.MockMvcPrintOnlyOnFailureTestExecutionListener, org.springframework.boot.test.autoconfigure.web.servlet.WebDriverTestExecutionListener, org.springframework.test.context.web.ServletTestExecutionListener, org.springframework.test.context.support.DirtiesContextBeforeModesTestExecutionListener, org.springframework.test.context.support.DependencyInjectionTestExecutionListener, org.springframework.test.context.support.DirtiesContextTestExecutionListener, org.springframework.test.context.transaction.TransactionalTestExecutionListener, org.springframework.test.context.jdbc.SqlScriptsTestExecutionListener, org.springframework.test.context.event.EventPublishingTestExecutionListener]
03:19:27.104 [main] INFO org.springframework.boot.test.context.SpringBootTestContextBootstrapper - Using TestExecutionListeners: [org.springframework.test.context.web.ServletTestExecutionListener@437da279, org.springframework.test.context.support.DirtiesContextBeforeModesTestExecutionListener@23c30a20, org.springframework.boot.test.mock.mockito.MockitoTestExecutionListener@1e1a0406, org.springframework.boot.test.autoconfigure.SpringBootDependencyInjectionTestExecutionListener@3cebbb30, org.springframework.test.context.support.DirtiesContextTestExecutionListener@12aba8be, org.springframework.test.context.transaction.TransactionalTestExecutionListener@290222c1, org.springframework.test.context.jdbc.SqlScriptsTestExecutionListener@67f639d3, org.springframework.test.context.event.EventPublishingTestExecutionListener@6253c26, org.springframework.boot.test.mock.mockito.ResetMocksTestExecutionListener@49049a04, org.springframework.boot.test.autoconfigure.restdocs.RestDocsTestExecutionListener@71a8adcf, org.springframework.boot.test.autoconfigure.web.client.MockRestServiceServerResetTestExecutionListener@27462a88, org.springframework.boot.test.autoconfigure.web.servlet.MockMvcPrintOnlyOnFailureTestExecutionListener@82de64a, org.springframework.boot.test.autoconfigure.web.servlet.WebDriverTestExecutionListener@659499f1]
03:19:27.104 [main] DEBUG org.springframework.test.annotation.ProfileValueUtils - Retrieved @ProfileValueSourceConfiguration [null] for test class [tn.esprit.spring.service.DepartementServiceImplTest]
03:19:27.104 [main] DEBUG org.springframework.test.annotation.ProfileValueUtils - Retrieved ProfileValueSource type [class org.springframework.test.annotation.SystemProfileValueSource] for class [tn.esprit.spring.service.DepartementServiceImplTest]
03:19:27.293 [main] DEBUG org.springframework.test.annotation.ProfileValueUtils - Retrieved @ProfileValueSourceConfiguration [null] for test class [tn.esprit.spring.service.DepartementServiceImplTest]
03:19:27.293 [main] DEBUG org.springframework.test.annotation.ProfileValueUtils - Retrieved ProfileValueSource type [class org.springframework.test.annotation.SystemProfileValueSource] for class [tn.esprit.spring.service.DepartementServiceImplTest]
03:19:27.309 [main] DEBUG org.springframework.test.annotation.ProfileValueUtils - Retrieved @ProfileValueSourceConfiguration [null] for test class [tn.esprit.spring.service.DepartementServiceImplTest]
03:19:27.309 [main] DEBUG org.springframework.test.annotation.ProfileValueUtils - Retrieved ProfileValueSource type [class org.springframework.test.annotation.SystemProfileValueSource] for class [tn.esprit.spring.service.DepartementServiceImplTest]
03:19:27.309 [main] DEBUG org.springframework.test.annotation.ProfileValueUtils - Retrieved @ProfileValueSourceConfiguration [null] for test class [tn.esprit.spring.service.DepartementServiceImplTest]
03:19:27.309 [main] DEBUG org.springframework.test.annotation.ProfileValueUtils - Retrieved ProfileValueSource type [class org.springframework.test.annotation.SystemProfileValueSource] for class [tn.esprit.spring.service.DepartementServiceImplTest]
03:19:27.325 [main] DEBUG org.springframework.test.context.support.AbstractDirtiesContextTestExecutionListener - Before test class: context [DefaultTestContext@4c163e3 testClass = DepartementServiceImplTest, testInstance = [null], testMethod = [null], testException = [null], mergedContextConfiguration = [WebMergedContextConfiguration@4a8355dd testClass = DepartementServiceImplTest, locations = '{}', classes = '{class tn.esprit.spring.TimesheetApplication}', contextInitializerClasses = '[]', activeProfiles = '{}', propertySourceLocations = '{}', propertySourceProperties = '{org.springframework.boot.test.context.SpringBootTestContextBootstrapper=true}', contextCustomizers = set[org.springframework.boot.test.context.filter.ExcludeFilterContextCustomizer@13c10b87, org.springframework.boot.test.json.DuplicateJsonObjectContextCustomizerFactory$DuplicateJsonObjectContextCustomizer@6293abcc, org.springframework.boot.test.mock.mockito.MockitoContextCustomizer@0, org.springframework.boot.test.web.client.TestRestTemplateContextCustomizer@222114ba, org.springframework.boot.test.autoconfigure.properties.PropertyMappingContextCustomizer@0, org.springframework.boot.test.autoconfigure.web.servlet.WebDriverContextCustomizerFactory$Customizer@56a6d5a6], resourceBasePath = 'src/main/webapp', contextLoader = 'org.springframework.boot.test.context.SpringBootContextLoader', parent = [null]], attributes = map['org.springframework.test.context.web.ServletTestExecutionListener.activateListener' -> true]], class annotated with @DirtiesContext [false] with mode [null].
03:19:27.333 [main] DEBUG org.springframework.test.annotation.ProfileValueUtils - Retrieved @ProfileValueSourceConfiguration [null] for test class [tn.esprit.spring.service.DepartementServiceImplTest]
03:19:27.333 [main] DEBUG org.springframework.test.annotation.ProfileValueUtils - Retrieved ProfileValueSource type [class org.springframework.test.annotation.SystemProfileValueSource] for class [tn.esprit.spring.service.DepartementServiceImplTest]
03:19:27.465 [main] DEBUG org.springframework.test.context.support.TestPropertySourceUtils - Adding inlined properties to environment: {spring.jmx.enabled=false, org.springframework.boot.test.context.SpringBootTestContextBootstrapper=true, server.port=-1}
LOGBACK: No context given for c.q.l.core.rolling.SizeAndTimeBasedRollingPolicy@945834881

  .   ____          _            __ _ _
 /\\ / ___'_ __ _ _(_)_ __  __ _ \ \ \ \
( ( )\___ | '_ | '_| | '_ \/ _` | \ \ \ \
 \\/  ___)| |_)| | | | | || (_| |  ) ) ) )
  '  |____| .__|_| |_|_| |_\__, | / / / /
 =========|_|==============|___/=/_/_/_/
 :: Spring Boot ::        (v2.2.1.RELEASE)

2021-08-01 03:19:28 - INFO  - tn.esprit.spring.service.DepartementServiceImplTest - Starting DepartementServiceImplTest on RAMZIMIZOURI with PID 12272 (started by RAMZIMIZOURI in C:\Workspace\timesheet-ci)
2021-08-01 03:19:28 - INFO  - tn.esprit.spring.service.DepartementServiceImplTest - No active profile set, falling back to default profiles: default
2021-08-01 03:19:30 - INFO  - org.hibernate.jpa.internal.util.LogHelper - HHH000204: Processing PersistenceUnitInfo [name: default]
2021-08-01 03:19:30 - INFO  - org.hibernate.Version - HHH000412: Hibernate Core {5.4.8.Final}
2021-08-01 03:19:30 - INFO  - org.hibernate.annotations.common.Version - HCANN000001: Hibernate Commons Annotations {5.1.0.Final}
2021-08-01 03:19:31 - INFO  - org.hibernate.dialect.Dialect - HHH000400: Using dialect: org.hibernate.dialect.MySQL5InnoDBDialect
2021-08-01 03:19:32 - INFO  - o.h.e.transaction.jta.platform.internal.JtaPlatformInitiator - HHH000490: Using JtaPlatform implementation: [org.hibernate.engine.transaction.jta.platform.internal.NoJtaPlatform]
2021-08-01 03:19:33 - WARN  - o.s.b.a.orm.jpa.JpaBaseConfiguration$JpaWebConfiguration - spring.jpa.open-in-view is enabled by default. Therefore, database queries may be performed during view rendering. Explicitly configure spring.jpa.open-in-view to disable this warning
2021-08-01 03:19:34 - INFO  - tn.esprit.spring.service.DepartementServiceImplTest - Started DepartementServiceImplTest in 6.929 seconds (JVM running for 8.531)
2021-08-01 03:19:34 - INFO  - tn.esprit.spring.services.UserServiceImpl - in  getDepartement id = 9
Hibernate: select departemen0_.id as id1_1_0_, departemen0_.entreprise_id as entrepri3_1_0_, departemen0_.name as name2_1_0_, employes1_.departements_id as departem1_2_1_, employe2_.id as employes2_2_1_, employe2_.id as id1_3_2_, employe2_.actif as actif2_3_2_, employe2_.contrat_reference as contrat_8_3_2_, employe2_.email as email3_3_2_, employe2_.nom as nom4_3_2_, employe2_.password as password5_3_2_, employe2_.prenom as prenom6_3_2_, employe2_.role as role7_3_2_, contrat3_.reference as referenc1_0_3_, contrat3_.date_debut as date_deb2_0_3_, contrat3_.salaire as salaire3_0_3_, contrat3_.type_contrat as type_con4_0_3_, entreprise4_.id as id1_4_4_, entreprise4_.name as name2_4_4_, entreprise4_.raison_social as raison_s3_4_4_ from departement departemen0_ left outer join departement_employes employes1_ on departemen0_.id=employes1_.departements_id left outer join employe employe2_ on employes1_.employes_id=employe2_.id left outer join contrat contrat3_ on employe2_.contrat_reference=contrat3_.reference left outer join entreprise entreprise4_ on departemen0_.entreprise_id=entreprise4_.id where departemen0_.id=?
]]></system-out>
  </testcase>
  <testcase name="testModifyDepartement" classname="tn.esprit.spring.service.DepartementServiceImplTest" time="0.143"/>
  <testcase name="testremoveRendezVousById" classname="tn.esprit.spring.service.DepartementServiceImplTest" time="0.008">
    <error message="No class tn.esprit.spring.entities.Departement entity with id 9 exists!" type="org.springframework.dao.EmptyResultDataAccessException">org.springframework.dao.EmptyResultDataAccessException: No class tn.esprit.spring.entities.Departement entity with id 9 exists!
	at tn.esprit.spring.service.DepartementServiceImplTest.testremoveRendezVousById(DepartementServiceImplTest.java:62)
</error>
    <system-out><![CDATA[Hibernate: select departemen0_.id as id1_1_0_, departemen0_.entreprise_id as entrepri3_1_0_, departemen0_.name as name2_1_0_, employes1_.departements_id as departem1_2_1_, employe2_.id as employes2_2_1_, employe2_.id as id1_3_2_, employe2_.actif as actif2_3_2_, employe2_.contrat_reference as contrat_8_3_2_, employe2_.email as email3_3_2_, employe2_.nom as nom4_3_2_, employe2_.password as password5_3_2_, employe2_.prenom as prenom6_3_2_, employe2_.role as role7_3_2_, contrat3_.reference as referenc1_0_3_, contrat3_.date_debut as date_deb2_0_3_, contrat3_.salaire as salaire3_0_3_, contrat3_.type_contrat as type_con4_0_3_, entreprise4_.id as id1_4_4_, entreprise4_.name as name2_4_4_, entreprise4_.raison_social as raison_s3_4_4_ from departement departemen0_ left outer join departement_employes employes1_ on departemen0_.id=employes1_.departements_id left outer join employe employe2_ on employes1_.employes_id=employe2_.id left outer join contrat contrat3_ on employe2_.contrat_reference=contrat3_.reference left outer join entreprise entreprise4_ on departemen0_.entreprise_id=entreprise4_.id where departemen0_.id=?
]]></system-out>
  </testcase>
  <testcase name="testgetallDepartements" classname="tn.esprit.spring.service.DepartementServiceImplTest" time="0.419">
    <failure message="expected:&lt;7&gt; but was:&lt;8&gt;" type="java.lang.AssertionError"><![CDATA[java.lang.AssertionError: expected:<7> but was:<8>
	at tn.esprit.spring.service.DepartementServiceImplTest.testgetallDepartements(DepartementServiceImplTest.java:35)
]]></failure>
    <system-out><![CDATA[2021-08-01 03:19:34 - INFO  - tn.esprit.spring.services.UserServiceImpl - In getallDepartements() : 
Hibernate: select departemen0_.id as id1_1_, departemen0_.entreprise_id as entrepri3_1_, departemen0_.name as name2_1_ from departement departemen0_
Hibernate: select employes0_.departements_id as departem1_2_0_, employes0_.employes_id as employes2_2_0_, employe1_.id as id1_3_1_, employe1_.actif as actif2_3_1_, employe1_.contrat_reference as contrat_8_3_1_, employe1_.email as email3_3_1_, employe1_.nom as nom4_3_1_, employe1_.password as password5_3_1_, employe1_.prenom as prenom6_3_1_, employe1_.role as role7_3_1_, contrat2_.reference as referenc1_0_2_, contrat2_.date_debut as date_deb2_0_2_, contrat2_.salaire as salaire3_0_2_, contrat2_.type_contrat as type_con4_0_2_ from departement_employes employes0_ inner join employe employe1_ on employes0_.employes_id=employe1_.id left outer join contrat contrat2_ on employe1_.contrat_reference=contrat2_.reference where employes0_.departements_id=?
Hibernate: select employes0_.departements_id as departem1_2_0_, employes0_.employes_id as employes2_2_0_, employe1_.id as id1_3_1_, employe1_.actif as actif2_3_1_, employe1_.contrat_reference as contrat_8_3_1_, employe1_.email as email3_3_1_, employe1_.nom as nom4_3_1_, employe1_.password as password5_3_1_, employe1_.prenom as prenom6_3_1_, employe1_.role as role7_3_1_, contrat2_.reference as referenc1_0_2_, contrat2_.date_debut as date_deb2_0_2_, contrat2_.salaire as salaire3_0_2_, contrat2_.type_contrat as type_con4_0_2_ from departement_employes employes0_ inner join employe employe1_ on employes0_.employes_id=employe1_.id left outer join contrat contrat2_ on employe1_.contrat_reference=contrat2_.reference where employes0_.departements_id=?
Hibernate: select employes0_.departements_id as departem1_2_0_, employes0_.employes_id as employes2_2_0_, employe1_.id as id1_3_1_, employe1_.actif as actif2_3_1_, employe1_.contrat_reference as contrat_8_3_1_, employe1_.email as email3_3_1_, employe1_.nom as nom4_3_1_, employe1_.password as password5_3_1_, employe1_.prenom as prenom6_3_1_, employe1_.role as role7_3_1_, contrat2_.reference as referenc1_0_2_, contrat2_.date_debut as date_deb2_0_2_, contrat2_.salaire as salaire3_0_2_, contrat2_.type_contrat as type_con4_0_2_ from departement_employes employes0_ inner join employe employe1_ on employes0_.employes_id=employe1_.id left outer join contrat contrat2_ on employe1_.contrat_reference=contrat2_.reference where employes0_.departements_id=?
Hibernate: select employes0_.departements_id as departem1_2_0_, employes0_.employes_id as employes2_2_0_, employe1_.id as id1_3_1_, employe1_.actif as actif2_3_1_, employe1_.contrat_reference as contrat_8_3_1_, employe1_.email as email3_3_1_, employe1_.nom as nom4_3_1_, employe1_.password as password5_3_1_, employe1_.prenom as prenom6_3_1_, employe1_.role as role7_3_1_, contrat2_.reference as referenc1_0_2_, contrat2_.date_debut as date_deb2_0_2_, contrat2_.salaire as salaire3_0_2_, contrat2_.type_contrat as type_con4_0_2_ from departement_employes employes0_ inner join employe employe1_ on employes0_.employes_id=employe1_.id left outer join contrat contrat2_ on employe1_.contrat_reference=contrat2_.reference where employes0_.departements_id=?
Hibernate: select employes0_.departements_id as departem1_2_0_, employes0_.employes_id as employes2_2_0_, employe1_.id as id1_3_1_, employe1_.actif as actif2_3_1_, employe1_.contrat_reference as contrat_8_3_1_, employe1_.email as email3_3_1_, employe1_.nom as nom4_3_1_, employe1_.password as password5_3_1_, employe1_.prenom as prenom6_3_1_, employe1_.role as role7_3_1_, contrat2_.reference as referenc1_0_2_, contrat2_.date_debut as date_deb2_0_2_, contrat2_.salaire as salaire3_0_2_, contrat2_.type_contrat as type_con4_0_2_ from departement_employes employes0_ inner join employe employe1_ on employes0_.employes_id=employe1_.id left outer join contrat contrat2_ on employe1_.contrat_reference=contrat2_.reference where employes0_.departements_id=?
Hibernate: select employes0_.departements_id as departem1_2_0_, employes0_.employes_id as employes2_2_0_, employe1_.id as id1_3_1_, employe1_.actif as actif2_3_1_, employe1_.contrat_reference as contrat_8_3_1_, employe1_.email as email3_3_1_, employe1_.nom as nom4_3_1_, employe1_.password as password5_3_1_, employe1_.prenom as prenom6_3_1_, employe1_.role as role7_3_1_, contrat2_.reference as referenc1_0_2_, contrat2_.date_debut as date_deb2_0_2_, contrat2_.salaire as salaire3_0_2_, contrat2_.type_contrat as type_con4_0_2_ from departement_employes employes0_ inner join employe employe1_ on employes0_.employes_id=employe1_.id left outer join contrat contrat2_ on employe1_.contrat_reference=contrat2_.reference where employes0_.departements_id=?
Hibernate: select employes0_.departements_id as departem1_2_0_, employes0_.employes_id as employes2_2_0_, employe1_.id as id1_3_1_, employe1_.actif as actif2_3_1_, employe1_.contrat_reference as contrat_8_3_1_, employe1_.email as email3_3_1_, employe1_.nom as nom4_3_1_, employe1_.password as password5_3_1_, employe1_.prenom as prenom6_3_1_, employe1_.role as role7_3_1_, contrat2_.reference as referenc1_0_2_, contrat2_.date_debut as date_deb2_0_2_, contrat2_.salaire as salaire3_0_2_, contrat2_.type_contrat as type_con4_0_2_ from departement_employes employes0_ inner join employe employe1_ on employes0_.employes_id=employe1_.id left outer join contrat contrat2_ on employe1_.contrat_reference=contrat2_.reference where employes0_.departements_id=?
Hibernate: select employes0_.departements_id as departem1_2_0_, employes0_.employes_id as employes2_2_0_, employe1_.id as id1_3_1_, employe1_.actif as actif2_3_1_, employe1_.contrat_reference as contrat_8_3_1_, employe1_.email as email3_3_1_, employe1_.nom as nom4_3_1_, employe1_.password as password5_3_1_, employe1_.prenom as prenom6_3_1_, employe1_.role as role7_3_1_, contrat2_.reference as referenc1_0_2_, contrat2_.date_debut as date_deb2_0_2_, contrat2_.salaire as salaire3_0_2_, contrat2_.type_contrat as type_con4_0_2_ from departement_employes employes0_ inner join employe employe1_ on employes0_.employes_id=employe1_.id left outer join contrat contrat2_ on employe1_.contrat_reference=contrat2_.reference where employes0_.departements_id=?
2021-08-01 03:19:35 - INFO  - tn.esprit.spring.services.UserServiceImpl - Out of getallDepartements() : 
hhhhhhhhhhhhhhhhhhhhhhhhhhhhhhhhhhhhhh  8
]]></system-out>
  </testcase>
  <testcase name="testaddDepartement" classname="tn.esprit.spring.service.DepartementServiceImplTest" time="0"/>
</testsuite>